<?xml version="1.0" encoding="utf-8"?>
<TestRun id="5c79c62f-4782-4f75-8e85-c3519a442ffc" name="@runnervmwhb2z 2025-10-06 02:02:28" xmlns="http://microsoft.com/schemas/VisualStudio/TeamTest/2010">
  <Times creation="2025-10-06T02:02:28.8028883+00:00" queuing="2025-10-06T02:02:28.8028884+00:00" start="2025-10-06T02:02:27.5625835+00:00" finish="2025-10-06T02:02:28.8893121+00:00" />
  <TestSettings name="default" id="b089a429-e3a4-4309-b7ef-423b7ebdeae3">
    <Deployment runDeploymentRoot="_runnervmwhb2z_2025-10-06_02_02_28" />
  </TestSettings>
  <Results>
    <UnitTestResult executionId="49cb75ea-f81a-4b1f-a223-f7d198cd7361" testId="d4905f10-0319-d62f-4cdf-e92aaf4f0d66" testName="BrightSword.Feber.Tests.FunctionBuilderTests.BinaryFunctionCommutative" computerName="runnervmwhb2z" duration="00:00:00.0512303" startTime="2025-10-06T02:02:28.6258794+00:00" endTime="2025-10-06T02:02:28.7538373+00:00" testType="13cdc9d9-ddb5-4fa4-a97d-d965ccfc6d4b" outcome="Passed" testListId="8c84fa94-04c1-424b-9868-57a2d4851a1d" relativeResultsDirectory="49cb75ea-f81a-4b1f-a223-f7d198cd7361">
      <Output>
        <StdOut>Ok, passed 100 tests.</StdOut>
      </Output>
    </UnitTestResult>
    <UnitTestResult executionId="817c9471-ca2d-436b-8484-1c4e97767b63" testId="91379adb-f175-3d4f-bc07-ccf77d6ded2f" testName="BrightSword.Feber.Tests.FunctionBuilderTests.FunctionEqualsSeedPlusSum" computerName="runnervmwhb2z" duration="00:00:00.0639383" startTime="2025-10-06T02:02:28.7616649+00:00" endTime="2025-10-06T02:02:28.7980330+00:00" testType="13cdc9d9-ddb5-4fa4-a97d-d965ccfc6d4b" outcome="Passed" testListId="8c84fa94-04c1-424b-9868-57a2d4851a1d" relativeResultsDirectory="817c9471-ca2d-436b-8484-1c4e97767b63">
      <Output>
        <StdOut>Ok, passed 100 tests.</StdOut>
      </Output>
    </UnitTestResult>
    <UnitTestResult executionId="bde013a8-c126-41b7-b6dd-700ca33eda0d" testId="a1ebf8c6-e72c-e5ae-d410-76224187b041" testName="BrightSword.Feber.Tests.OperationBuilderTests.OperationExpressionsMatchesFilteredPropertiesCount" computerName="runnervmwhb2z" duration="00:00:00.1370067" startTime="2025-10-06T02:02:28.3531865+00:00" endTime="2025-10-06T02:02:28.5998476+00:00" testType="13cdc9d9-ddb5-4fa4-a97d-d965ccfc6d4b" outcome="Passed" testListId="8c84fa94-04c1-424b-9868-57a2d4851a1d" relativeResultsDirectory="bde013a8-c126-41b7-b6dd-700ca33eda0d">
      <Output>
        <StdOut>Ok, passed 100 tests.</StdOut>
      </Output>
    </UnitTestResult>
    <UnitTestResult executionId="78ce4177-0ad6-4e7d-9b2e-1688c913221f" testId="8b55e884-0f97-9119-1a5c-cbabcea4d4d5" testName="BrightSword.Feber.Tests.OperationBuilderTests.FilteredPropertiesAlwaysReturnsAtLeastOneProperty" computerName="runnervmwhb2z" duration="00:00:00.0017525" startTime="2025-10-06T02:02:28.6380163+00:00" endTime="2025-10-06T02:02:28.6387886+00:00" testType="13cdc9d9-ddb5-4fa4-a97d-d965ccfc6d4b" outcome="Passed" testListId="8c84fa94-04c1-424b-9868-57a2d4851a1d" relativeResultsDirectory="78ce4177-0ad6-4e7d-9b2e-1688c913221f">
      <Output>
        <StdOut>Ok, passed 100 tests.</StdOut>
      </Output>
    </UnitTestResult>
    <UnitTestResult executionId="1f7e1b65-0a9f-41b3-9e70-694e95d03afc" testId="ebdb2485-178c-6ae0-ea00-73b15a9d029f" testName="BrightSword.Feber.Tests.OperationBuilderIntrospectionTests.FilteredPropertiesReturnsPublicInstanceProperties" computerName="runnervmwhb2z" duration="00:00:00.0039045" startTime="2025-10-06T02:02:28.6506171+00:00" endTime="2025-10-06T02:02:28.6517534+00:00" testType="13cdc9d9-ddb5-4fa4-a97d-d965ccfc6d4b" outcome="Passed" testListId="8c84fa94-04c1-424b-9868-57a2d4851a1d" relativeResultsDirectory="1f7e1b65-0a9f-41b3-9e70-694e95d03afc" />
    <UnitTestResult executionId="32ce96a9-9054-4be9-a47f-4ae1540aba00" testId="8a379036-a03b-1e52-1809-62cc2dfb7c17" testName="BrightSword.Feber.Tests.FunctionBuilderTests.FunctionSumNonNegative" computerName="runnervmwhb2z" duration="00:00:00.0257036" startTime="2025-10-06T02:02:28.7983538+00:00" endTime="2025-10-06T02:02:28.8241002+00:00" testType="13cdc9d9-ddb5-4fa4-a97d-d965ccfc6d4b" outcome="Passed" testListId="8c84fa94-04c1-424b-9868-57a2d4851a1d" relativeResultsDirectory="32ce96a9-9054-4be9-a47f-4ae1540aba00">
      <Output>
        <StdOut>Ok, passed 100 tests.</StdOut>
      </Output>
    </UnitTestResult>
    <UnitTestResult executionId="b0cb7db9-7565-489e-bf86-10fdba505a6a" testId="3dd4c420-8c8f-b470-9f76-9d07bf1f7dd5" testName="BrightSword.Feber.Tests.NullCheckBuilderTests.NullChecksDetectNulls" computerName="runnervmwhb2z" duration="00:00:00.1605586" startTime="2025-10-06T02:02:28.7536173+00:00" endTime="2025-10-06T02:02:28.8137337+00:00" testType="13cdc9d9-ddb5-4fa4-a97d-d965ccfc6d4b" outcome="Passed" testListId="8c84fa94-04c1-424b-9868-57a2d4851a1d" relativeResultsDirectory="b0cb7db9-7565-489e-bf86-10fdba505a6a">
      <Output>
        <StdOut>Ok, passed 100 tests.</StdOut>
      </Output>
    </UnitTestResult>
    <UnitTestResult executionId="7262066b-41a4-4cc6-848c-0fcd15efc227" testId="2b99dc74-7b83-6d1c-97a5-d0a548036d5e" testName="BrightSword.Feber.Tests.FunctionBuilderTests.BinaryFunctionSumsBothSides" computerName="runnervmwhb2z" duration="00:00:00.1571703" startTime="2025-10-06T02:02:28.3562607+00:00" endTime="2025-10-06T02:02:28.6079739+00:00" testType="13cdc9d9-ddb5-4fa4-a97d-d965ccfc6d4b" outcome="Passed" testListId="8c84fa94-04c1-424b-9868-57a2d4851a1d" relativeResultsDirectory="7262066b-41a4-4cc6-848c-0fcd15efc227">
      <Output>
        <StdOut>Ok, passed 100 tests.</StdOut>
      </Output>
    </UnitTestResult>
    <UnitTestResult executionId="ff2ed48e-6d70-402c-9dea-3e5f4ee052dc" testId="6522e717-6e79-fd5c-460f-e31c3b152c7b" testName="BrightSword.Feber.Tests.FunctionBuilderTests.FunctionBuildsSum" computerName="runnervmwhb2z" duration="00:00:00.0053734" startTime="2025-10-06T02:02:28.6140853+00:00" endTime="2025-10-06T02:02:28.6252193+00:00" testType="13cdc9d9-ddb5-4fa4-a97d-d965ccfc6d4b" outcome="Passed" testListId="8c84fa94-04c1-424b-9868-57a2d4851a1d" relativeResultsDirectory="ff2ed48e-6d70-402c-9dea-3e5f4ee052dc" />
    <UnitTestResult executionId="1599d6b5-a49d-4242-ac12-350d0b5fa988" testId="fec90e44-ab62-661d-3446-bd45470a34fc" testName="BrightSword.Feber.Tests.ActionBuilderTests.ActionBuilderActionIsNotNull" computerName="runnervmwhb2z" duration="00:00:00.0621851" startTime="2025-10-06T02:02:28.6260536+00:00" endTime="2025-10-06T02:02:28.7544485+00:00" testType="13cdc9d9-ddb5-4fa4-a97d-d965ccfc6d4b" outcome="Passed" testListId="8c84fa94-04c1-424b-9868-57a2d4851a1d" relativeResultsDirectory="1599d6b5-a49d-4242-ac12-350d0b5fa988">
      <Output>
        <StdOut>Ok, passed 100 tests.</StdOut>
      </Output>
    </UnitTestResult>
    <UnitTestResult executionId="04cd86dc-4256-4e31-a8e1-a4c0b76227cf" testId="9f4c88e3-addd-2f09-311e-922fe65f74de" testName="BrightSword.Feber.Tests.ActionBuilderTests.ActionRecordsPropertyValues" computerName="runnervmwhb2z" duration="00:00:00.1214701" startTime="2025-10-06T02:02:28.7612212+00:00" endTime="2025-10-06T02:02:28.8097425+00:00" testType="13cdc9d9-ddb5-4fa4-a97d-d965ccfc6d4b" outcome="Passed" testListId="8c84fa94-04c1-424b-9868-57a2d4851a1d" relativeResultsDirectory="04cd86dc-4256-4e31-a8e1-a4c0b76227cf">
      <Output>
        <StdOut>Ok, passed 100 tests.</StdOut>
      </Output>
    </UnitTestResult>
    <UnitTestResult executionId="b00c3983-731e-42b2-be81-acb4aa2ead27" testId="a97d83a0-5817-c0ca-54b3-7d33c84dd0f1" testName="BrightSword.Feber.Tests.ActionBuilderTests.ActionBuilderProducesAction" computerName="runnervmwhb2z" duration="00:00:00.0002963" startTime="2025-10-06T02:02:28.7547524+00:00" endTime="2025-10-06T02:02:28.7548788+00:00" testType="13cdc9d9-ddb5-4fa4-a97d-d965ccfc6d4b" outcome="Passed" testListId="8c84fa94-04c1-424b-9868-57a2d4851a1d" relativeResultsDirectory="b00c3983-731e-42b2-be81-acb4aa2ead27" />
    <UnitTestResult executionId="8dd1f78c-eaf2-4ba8-9115-413762bf92fc" testId="e854b552-ac38-1890-309d-45cc56a08295" testName="BrightSword.Feber.Tests.FunctionBuilderTests.FunctionSumIsCommutative" computerName="runnervmwhb2z" duration="00:00:00.0566156" startTime="2025-10-06T02:02:28.7543621+00:00" endTime="2025-10-06T02:02:28.7613264+00:00" testType="13cdc9d9-ddb5-4fa4-a97d-d965ccfc6d4b" outcome="Passed" testListId="8c84fa94-04c1-424b-9868-57a2d4851a1d" relativeResultsDirectory="8dd1f78c-eaf2-4ba8-9115-413762bf92fc">
      <Output>
        <StdOut>Ok, passed 100 tests.</StdOut>
      </Output>
    </UnitTestResult>
    <UnitTestResult executionId="f50f9362-efb1-4686-be51-2ca1958ab8cf" testId="f9e8006d-341b-0175-16f7-bfb2de113765" testName="BrightSword.Feber.Tests.LazyActionBuilderExampleTests.ActionIsCompiledAndInvokable" computerName="runnervmwhb2z" duration="00:00:00.0009370" startTime="2025-10-06T02:02:28.6521786+00:00" endTime="2025-10-06T02:02:28.6534638+00:00" testType="13cdc9d9-ddb5-4fa4-a97d-d965ccfc6d4b" outcome="Passed" testListId="8c84fa94-04c1-424b-9868-57a2d4851a1d" relativeResultsDirectory="f50f9362-efb1-4686-be51-2ca1958ab8cf" />
    <UnitTestResult executionId="34331c47-2b91-48f3-aff3-12651bbe10a0" testId="2e4994c2-dc41-cca2-7204-84049ba3fc30" testName="BrightSword.Feber.Tests.OperationBuilderTests.FilteredPropertiesReturnsPublicInstanceProperties" computerName="runnervmwhb2z" duration="00:00:00.0198162" startTime="2025-10-06T02:02:28.6140436+00:00" endTime="2025-10-06T02:02:28.6377643+00:00" testType="13cdc9d9-ddb5-4fa4-a97d-d965ccfc6d4b" outcome="Passed" testListId="8c84fa94-04c1-424b-9868-57a2d4851a1d" relativeResultsDirectory="34331c47-2b91-48f3-aff3-12651bbe10a0" />
  </Results>
  <TestDefinitions>
    <UnitTest name="BrightSword.Feber.Tests.FunctionBuilderTests.BinaryFunctionCommutative" storage="/home/runner/work/brightsword/brightsword/brightsword.feber.tests/bin/release/net10.0/brightsword.feber.tests.dll" id="d4905f10-0319-d62f-4cdf-e92aaf4f0d66">
      <Execution id="49cb75ea-f81a-4b1f-a223-f7d198cd7361" />
      <TestMethod codeBase="/home/runner/work/brightsword/brightsword/BrightSword.Feber.Tests/bin/Release/net10.0/BrightSword.Feber.Tests.dll" adapterTypeName="executor://xunit/VsTestRunner3/netcore/" className="BrightSword.Feber.Tests.FunctionBuilderTests" name="BinaryFunctionCommutative" />
    </UnitTest>
    <UnitTest name="BrightSword.Feber.Tests.FunctionBuilderTests.FunctionSumNonNegative" storage="/home/runner/work/brightsword/brightsword/brightsword.feber.tests/bin/release/net10.0/brightsword.feber.tests.dll" id="8a379036-a03b-1e52-1809-62cc2dfb7c17">
      <Execution id="32ce96a9-9054-4be9-a47f-4ae1540aba00" />
      <TestMethod codeBase="/home/runner/work/brightsword/brightsword/BrightSword.Feber.Tests/bin/Release/net10.0/BrightSword.Feber.Tests.dll" adapterTypeName="executor://xunit/VsTestRunner3/netcore/" className="BrightSword.Feber.Tests.FunctionBuilderTests" name="FunctionSumNonNegative" />
    </UnitTest>
    <UnitTest name="BrightSword.Feber.Tests.OperationBuilderTests.FilteredPropertiesAlwaysReturnsAtLeastOneProperty" storage="/home/runner/work/brightsword/brightsword/brightsword.feber.tests/bin/release/net10.0/brightsword.feber.tests.dll" id="8b55e884-0f97-9119-1a5c-cbabcea4d4d5">
      <Execution id="78ce4177-0ad6-4e7d-9b2e-1688c913221f" />
      <TestMethod codeBase="/home/runner/work/brightsword/brightsword/BrightSword.Feber.Tests/bin/Release/net10.0/BrightSword.Feber.Tests.dll" adapterTypeName="executor://xunit/VsTestRunner3/netcore/" className="BrightSword.Feber.Tests.OperationBuilderTests" name="FilteredPropertiesAlwaysReturnsAtLeastOneProperty" />
    </UnitTest>
    <UnitTest name="BrightSword.Feber.Tests.OperationBuilderTests.FilteredPropertiesReturnsPublicInstanceProperties" storage="/home/runner/work/brightsword/brightsword/brightsword.feber.tests/bin/release/net10.0/brightsword.feber.tests.dll" id="2e4994c2-dc41-cca2-7204-84049ba3fc30">
      <Execution id="34331c47-2b91-48f3-aff3-12651bbe10a0" />
      <TestMethod codeBase="/home/runner/work/brightsword/brightsword/BrightSword.Feber.Tests/bin/Release/net10.0/BrightSword.Feber.Tests.dll" adapterTypeName="executor://xunit/VsTestRunner3/netcore/" className="BrightSword.Feber.Tests.OperationBuilderTests" name="FilteredPropertiesReturnsPublicInstanceProperties" />
    </UnitTest>
    <UnitTest name="BrightSword.Feber.Tests.OperationBuilderIntrospectionTests.FilteredPropertiesReturnsPublicInstanceProperties" storage="/home/runner/work/brightsword/brightsword/brightsword.feber.tests/bin/release/net10.0/brightsword.feber.tests.dll" id="ebdb2485-178c-6ae0-ea00-73b15a9d029f">
      <Execution id="1f7e1b65-0a9f-41b3-9e70-694e95d03afc" />
      <TestMethod codeBase="/home/runner/work/brightsword/brightsword/BrightSword.Feber.Tests/bin/Release/net10.0/BrightSword.Feber.Tests.dll" adapterTypeName="executor://xunit/VsTestRunner3/netcore/" className="BrightSword.Feber.Tests.OperationBuilderIntrospectionTests" name="FilteredPropertiesReturnsPublicInstanceProperties" />
    </UnitTest>
    <UnitTest name="BrightSword.Feber.Tests.NullCheckBuilderTests.NullChecksDetectNulls" storage="/home/runner/work/brightsword/brightsword/brightsword.feber.tests/bin/release/net10.0/brightsword.feber.tests.dll" id="3dd4c420-8c8f-b470-9f76-9d07bf1f7dd5">
      <Execution id="b0cb7db9-7565-489e-bf86-10fdba505a6a" />
      <TestMethod codeBase="/home/runner/work/brightsword/brightsword/BrightSword.Feber.Tests/bin/Release/net10.0/BrightSword.Feber.Tests.dll" adapterTypeName="executor://xunit/VsTestRunner3/netcore/" className="BrightSword.Feber.Tests.NullCheckBuilderTests" name="NullChecksDetectNulls" />
    </UnitTest>
    <UnitTest name="BrightSword.Feber.Tests.ActionBuilderTests.ActionRecordsPropertyValues" storage="/home/runner/work/brightsword/brightsword/brightsword.feber.tests/bin/release/net10.0/brightsword.feber.tests.dll" id="9f4c88e3-addd-2f09-311e-922fe65f74de">
      <Execution id="04cd86dc-4256-4e31-a8e1-a4c0b76227cf" />
      <TestMethod codeBase="/home/runner/work/brightsword/brightsword/BrightSword.Feber.Tests/bin/Release/net10.0/BrightSword.Feber.Tests.dll" adapterTypeName="executor://xunit/VsTestRunner3/netcore/" className="BrightSword.Feber.Tests.ActionBuilderTests" name="ActionRecordsPropertyValues" />
    </UnitTest>
    <UnitTest name="BrightSword.Feber.Tests.FunctionBuilderTests.FunctionBuildsSum" storage="/home/runner/work/brightsword/brightsword/brightsword.feber.tests/bin/release/net10.0/brightsword.feber.tests.dll" id="6522e717-6e79-fd5c-460f-e31c3b152c7b">
      <Execution id="ff2ed48e-6d70-402c-9dea-3e5f4ee052dc" />
      <TestMethod codeBase="/home/runner/work/brightsword/brightsword/BrightSword.Feber.Tests/bin/Release/net10.0/BrightSword.Feber.Tests.dll" adapterTypeName="executor://xunit/VsTestRunner3/netcore/" className="BrightSword.Feber.Tests.FunctionBuilderTests" name="FunctionBuildsSum" />
    </UnitTest>
    <UnitTest name="BrightSword.Feber.Tests.ActionBuilderTests.ActionBuilderProducesAction" storage="/home/runner/work/brightsword/brightsword/brightsword.feber.tests/bin/release/net10.0/brightsword.feber.tests.dll" id="a97d83a0-5817-c0ca-54b3-7d33c84dd0f1">
      <Execution id="b00c3983-731e-42b2-be81-acb4aa2ead27" />
      <TestMethod codeBase="/home/runner/work/brightsword/brightsword/BrightSword.Feber.Tests/bin/Release/net10.0/BrightSword.Feber.Tests.dll" adapterTypeName="executor://xunit/VsTestRunner3/netcore/" className="BrightSword.Feber.Tests.ActionBuilderTests" name="ActionBuilderProducesAction" />
    </UnitTest>
    <UnitTest name="BrightSword.Feber.Tests.FunctionBuilderTests.BinaryFunctionSumsBothSides" storage="/home/runner/work/brightsword/brightsword/brightsword.feber.tests/bin/release/net10.0/brightsword.feber.tests.dll" id="2b99dc74-7b83-6d1c-97a5-d0a548036d5e">
      <Execution id="7262066b-41a4-4cc6-848c-0fcd15efc227" />
      <TestMethod codeBase="/home/runner/work/brightsword/brightsword/BrightSword.Feber.Tests/bin/Release/net10.0/BrightSword.Feber.Tests.dll" adapterTypeName="executor://xunit/VsTestRunner3/netcore/" className="BrightSword.Feber.Tests.FunctionBuilderTests" name="BinaryFunctionSumsBothSides" />
    </UnitTest>
    <UnitTest name="BrightSword.Feber.Tests.FunctionBuilderTests.FunctionSumIsCommutative" storage="/home/runner/work/brightsword/brightsword/brightsword.feber.tests/bin/release/net10.0/brightsword.feber.tests.dll" id="e854b552-ac38-1890-309d-45cc56a08295">
      <Execution id="8dd1f78c-eaf2-4ba8-9115-413762bf92fc" />
      <TestMethod codeBase="/home/runner/work/brightsword/brightsword/BrightSword.Feber.Tests/bin/Release/net10.0/BrightSword.Feber.Tests.dll" adapterTypeName="executor://xunit/VsTestRunner3/netcore/" className="BrightSword.Feber.Tests.FunctionBuilderTests" name="FunctionSumIsCommutative" />
    </UnitTest>
    <UnitTest name="BrightSword.Feber.Tests.OperationBuilderTests.OperationExpressionsMatchesFilteredPropertiesCount" storage="/home/runner/work/brightsword/brightsword/brightsword.feber.tests/bin/release/net10.0/brightsword.feber.tests.dll" id="a1ebf8c6-e72c-e5ae-d410-76224187b041">
      <Execution id="bde013a8-c126-41b7-b6dd-700ca33eda0d" />
      <TestMethod codeBase="/home/runner/work/brightsword/brightsword/BrightSword.Feber.Tests/bin/Release/net10.0/BrightSword.Feber.Tests.dll" adapterTypeName="executor://xunit/VsTestRunner3/netcore/" className="BrightSword.Feber.Tests.OperationBuilderTests" name="OperationExpressionsMatchesFilteredPropertiesCount" />
    </UnitTest>
    <UnitTest name="BrightSword.Feber.Tests.FunctionBuilderTests.FunctionEqualsSeedPlusSum" storage="/home/runner/work/brightsword/brightsword/brightsword.feber.tests/bin/release/net10.0/brightsword.feber.tests.dll" id="91379adb-f175-3d4f-bc07-ccf77d6ded2f">
      <Execution id="817c9471-ca2d-436b-8484-1c4e97767b63" />
      <TestMethod codeBase="/home/runner/work/brightsword/brightsword/BrightSword.Feber.Tests/bin/Release/net10.0/BrightSword.Feber.Tests.dll" adapterTypeName="executor://xunit/VsTestRunner3/netcore/" className="BrightSword.Feber.Tests.FunctionBuilderTests" name="FunctionEqualsSeedPlusSum" />
    </UnitTest>
    <UnitTest name="BrightSword.Feber.Tests.LazyActionBuilderExampleTests.ActionIsCompiledAndInvokable" storage="/home/runner/work/brightsword/brightsword/brightsword.feber.tests/bin/release/net10.0/brightsword.feber.tests.dll" id="f9e8006d-341b-0175-16f7-bfb2de113765">
      <Execution id="f50f9362-efb1-4686-be51-2ca1958ab8cf" />
      <TestMethod codeBase="/home/runner/work/brightsword/brightsword/BrightSword.Feber.Tests/bin/Release/net10.0/BrightSword.Feber.Tests.dll" adapterTypeName="executor://xunit/VsTestRunner3/netcore/" className="BrightSword.Feber.Tests.LazyActionBuilderExampleTests" name="ActionIsCompiledAndInvokable" />
    </UnitTest>
    <UnitTest name="BrightSword.Feber.Tests.ActionBuilderTests.ActionBuilderActionIsNotNull" storage="/home/runner/work/brightsword/brightsword/brightsword.feber.tests/bin/release/net10.0/brightsword.feber.tests.dll" id="fec90e44-ab62-661d-3446-bd45470a34fc">
      <Execution id="1599d6b5-a49d-4242-ac12-350d0b5fa988" />
      <TestMethod codeBase="/home/runner/work/brightsword/brightsword/BrightSword.Feber.Tests/bin/Release/net10.0/BrightSword.Feber.Tests.dll" adapterTypeName="executor://xunit/VsTestRunner3/netcore/" className="BrightSword.Feber.Tests.ActionBuilderTests" name="ActionBuilderActionIsNotNull" />
    </UnitTest>
  </TestDefinitions>
  <TestEntries>
    <TestEntry testId="d4905f10-0319-d62f-4cdf-e92aaf4f0d66" executionId="49cb75ea-f81a-4b1f-a223-f7d198cd7361" testListId="8c84fa94-04c1-424b-9868-57a2d4851a1d" />
    <TestEntry testId="91379adb-f175-3d4f-bc07-ccf77d6ded2f" executionId="817c9471-ca2d-436b-8484-1c4e97767b63" testListId="8c84fa94-04c1-424b-9868-57a2d4851a1d" />
    <TestEntry testId="a1ebf8c6-e72c-e5ae-d410-76224187b041" executionId="bde013a8-c126-41b7-b6dd-700ca33eda0d" testListId="8c84fa94-04c1-424b-9868-57a2d4851a1d" />
    <TestEntry testId="8b55e884-0f97-9119-1a5c-cbabcea4d4d5" executionId="78ce4177-0ad6-4e7d-9b2e-1688c913221f" testListId="8c84fa94-04c1-424b-9868-57a2d4851a1d" />
    <TestEntry testId="ebdb2485-178c-6ae0-ea00-73b15a9d029f" executionId="1f7e1b65-0a9f-41b3-9e70-694e95d03afc" testListId="8c84fa94-04c1-424b-9868-57a2d4851a1d" />
    <TestEntry testId="8a379036-a03b-1e52-1809-62cc2dfb7c17" executionId="32ce96a9-9054-4be9-a47f-4ae1540aba00" testListId="8c84fa94-04c1-424b-9868-57a2d4851a1d" />
    <TestEntry testId="3dd4c420-8c8f-b470-9f76-9d07bf1f7dd5" executionId="b0cb7db9-7565-489e-bf86-10fdba505a6a" testListId="8c84fa94-04c1-424b-9868-57a2d4851a1d" />
    <TestEntry testId="2b99dc74-7b83-6d1c-97a5-d0a548036d5e" executionId="7262066b-41a4-4cc6-848c-0fcd15efc227" testListId="8c84fa94-04c1-424b-9868-57a2d4851a1d" />
    <TestEntry testId="6522e717-6e79-fd5c-460f-e31c3b152c7b" executionId="ff2ed48e-6d70-402c-9dea-3e5f4ee052dc" testListId="8c84fa94-04c1-424b-9868-57a2d4851a1d" />
    <TestEntry testId="fec90e44-ab62-661d-3446-bd45470a34fc" executionId="1599d6b5-a49d-4242-ac12-350d0b5fa988" testListId="8c84fa94-04c1-424b-9868-57a2d4851a1d" />
    <TestEntry testId="9f4c88e3-addd-2f09-311e-922fe65f74de" executionId="04cd86dc-4256-4e31-a8e1-a4c0b76227cf" testListId="8c84fa94-04c1-424b-9868-57a2d4851a1d" />
    <TestEntry testId="a97d83a0-5817-c0ca-54b3-7d33c84dd0f1" executionId="b00c3983-731e-42b2-be81-acb4aa2ead27" testListId="8c84fa94-04c1-424b-9868-57a2d4851a1d" />
    <TestEntry testId="e854b552-ac38-1890-309d-45cc56a08295" executionId="8dd1f78c-eaf2-4ba8-9115-413762bf92fc" testListId="8c84fa94-04c1-424b-9868-57a2d4851a1d" />
    <TestEntry testId="f9e8006d-341b-0175-16f7-bfb2de113765" executionId="f50f9362-efb1-4686-be51-2ca1958ab8cf" testListId="8c84fa94-04c1-424b-9868-57a2d4851a1d" />
    <TestEntry testId="2e4994c2-dc41-cca2-7204-84049ba3fc30" executionId="34331c47-2b91-48f3-aff3-12651bbe10a0" testListId="8c84fa94-04c1-424b-9868-57a2d4851a1d" />
  </TestEntries>
  <TestLists>
    <TestList name="Results Not in a List" id="8c84fa94-04c1-424b-9868-57a2d4851a1d" />
    <TestList name="All Loaded Results" id="19431567-8539-422a-85d7-44ee4e166bda" />
  </TestLists>
  <ResultSummary outcome="Completed">
    <Counters total="15" executed="15" passed="15" failed="0" error="0" timeout="0" aborted="0" inconclusive="0" passedButRunAborted="0" notRunnable="0" notExecuted="0" disconnected="0" warning="0" completed="0" inProgress="0" pending="0" />
    <Output>
      <StdOut>[xUnit.net 00:00:00.00] xUnit.net VSTest Adapter v3.0.0+e341b939fe (64-bit .NET 10.0.0-rc.1.25451.107)
[xUnit.net 00:00:00.12]   Discovering: BrightSword.Feber.Tests
[xUnit.net 00:00:00.18]   Discovered:  BrightSword.Feber.Tests
[xUnit.net 00:00:00.24]   Starting:    BrightSword.Feber.Tests
[xUnit.net 00:00:00.74]   Finished:    BrightSword.Feber.Tests
</StdOut>
    </Output>
  </ResultSummary>
</TestRun>